2016-02-23 15:47:52,540 [main] INFO  (RestXqServiceRegistryManager.java [getRegistry]:49) - Initialising RESTXQ... 
2016-02-23 15:47:52,553 [main] INFO  (RestXqServiceRegistryManager.java [getRegistry]:67) - RESTXQ is ready. 
2016-02-23 18:35:44,492 [WrapperListener_start_runner] INFO  (RestXqServiceRegistryManager.java [getRegistry]:49) - Initialising RESTXQ... 
2016-02-23 18:35:44,511 [WrapperListener_start_runner] INFO  (RestXqServiceRegistryManager.java [getRegistry]:67) - RESTXQ is ready. 
2016-02-23 18:36:03,337 [WrapperListener_start_runner] WARN  (ExistXqueryRegistry.java [recordMissingDependency]:397) - Module '/db/apps/demo/modules/i18n-templates.xql' has a missing dependency on '/db/apps/demo/modules/i18n.xql'. Will re-examine if the missing module is added. 
2016-02-23 18:36:03,870 [WrapperListener_start_runner] WARN  (ExistXqueryRegistry.java [recordMissingDependency]:397) - Module '/db/apps/demo/modules/view.xql' has a missing dependency on '/db/apps/demo/examples/web/shakespeare.xql'. Will re-examine if the missing module is added. 
2016-02-23 18:36:03,916 [WrapperListener_start_runner] INFO  (ExistXqueryRegistry.java [reexamineModulesWithResolvedDependencies]:287) - Missing dependency '/db/apps/demo/modules/i18n.xql' has been added to the database, re-examining '/db/apps/demo/modules/i18n-templates.xql'... 
2016-02-23 18:36:04,274 [WrapperListener_start_runner] WARN  (ExistXqueryRegistry.java [recordMissingDependency]:397) - Module '/db/apps/demo/examples/web/guess-templates.xql' has a missing dependency on '/db/apps/demo/modules/templates.xql'. Will re-examine if the missing module is added. 
2016-02-23 18:36:04,408 [WrapperListener_start_runner] INFO  (ExistXqueryRegistry.java [reexamineModulesWithResolvedDependencies]:287) - Missing dependency '/db/apps/demo/examples/web/shakespeare.xql' has been added to the database, re-examining '/db/apps/demo/modules/view.xql'... 
2016-02-23 18:36:04,718 [WrapperListener_start_runner] WARN  (ExistXqueryRegistry.java [recordMissingDependency]:397) - Module '/db/apps/demo/modules/view.xql' has a missing dependency on '/db/apps/demo/examples/templating/examples.xql'. Will re-examine if the missing module is added. 
2016-02-23 18:36:05,024 [WrapperListener_start_runner] INFO  (RestXqServiceRegistryLogger.java [registered]:43) - Registered RESTXQ Resource Function: /db/apps/demo/examples/contacts/contacts.xql,{http://exist-db.org/apps/demo/restxq/contacts}delete#1 
2016-02-23 18:36:05,027 [WrapperListener_start_runner] INFO  (RestXqServiceRegistryPersistence.java [updateRegistryOnDisk]:171) - Updating new RESTXQ registry on disk: /vagrant/exist/webapp/WEB-INF/data/restxq.registry.tmp 
2016-02-23 18:36:05,046 [WrapperListener_start_runner] INFO  (RestXqServiceRegistryPersistence.java [updateRegistryOnDisk]:220) - Replaced RESTXQ registry with new registry: /vagrant/exist/webapp/WEB-INF/data/restxq.registry 
2016-02-23 18:36:05,047 [WrapperListener_start_runner] INFO  (RestXqServiceRegistryLogger.java [registered]:43) - Registered RESTXQ Resource Function: /db/apps/demo/examples/contacts/contacts.xql,{http://exist-db.org/apps/demo/restxq/contacts}get#1 
2016-02-23 18:36:05,047 [WrapperListener_start_runner] INFO  (RestXqServiceRegistryPersistence.java [updateRegistryOnDisk]:171) - Updating new RESTXQ registry on disk: /vagrant/exist/webapp/WEB-INF/data/restxq.registry.tmp 
2016-02-23 18:36:05,053 [WrapperListener_start_runner] INFO  (RestXqServiceRegistryPersistence.java [updateRegistryOnDisk]:220) - Replaced RESTXQ registry with new registry: /vagrant/exist/webapp/WEB-INF/data/restxq.registry 
2016-02-23 18:36:05,053 [WrapperListener_start_runner] INFO  (RestXqServiceRegistryLogger.java [registered]:43) - Registered RESTXQ Resource Function: /db/apps/demo/examples/contacts/contacts.xql,{http://exist-db.org/apps/demo/restxq/contacts}get-image#1 
2016-02-23 18:36:05,054 [WrapperListener_start_runner] INFO  (RestXqServiceRegistryPersistence.java [updateRegistryOnDisk]:171) - Updating new RESTXQ registry on disk: /vagrant/exist/webapp/WEB-INF/data/restxq.registry.tmp 
2016-02-23 18:36:05,059 [WrapperListener_start_runner] INFO  (RestXqServiceRegistryPersistence.java [updateRegistryOnDisk]:220) - Replaced RESTXQ registry with new registry: /vagrant/exist/webapp/WEB-INF/data/restxq.registry 
2016-02-23 18:36:05,059 [WrapperListener_start_runner] INFO  (RestXqServiceRegistryLogger.java [registered]:43) - Registered RESTXQ Resource Function: /db/apps/demo/examples/contacts/contacts.xql,{http://exist-db.org/apps/demo/restxq/contacts}get-image-by-resource-id#1 
2016-02-23 18:36:05,060 [WrapperListener_start_runner] INFO  (RestXqServiceRegistryPersistence.java [updateRegistryOnDisk]:171) - Updating new RESTXQ registry on disk: /vagrant/exist/webapp/WEB-INF/data/restxq.registry.tmp 
2016-02-23 18:36:05,065 [WrapperListener_start_runner] INFO  (RestXqServiceRegistryPersistence.java [updateRegistryOnDisk]:220) - Replaced RESTXQ registry with new registry: /vagrant/exist/webapp/WEB-INF/data/restxq.registry 
2016-02-23 18:36:05,066 [WrapperListener_start_runner] INFO  (RestXqServiceRegistryLogger.java [registered]:43) - Registered RESTXQ Resource Function: /db/apps/demo/examples/contacts/contacts.xql,{http://exist-db.org/apps/demo/restxq/contacts}get-image-from-uri-json#1 
2016-02-23 18:36:05,066 [WrapperListener_start_runner] INFO  (RestXqServiceRegistryPersistence.java [updateRegistryOnDisk]:171) - Updating new RESTXQ registry on disk: /vagrant/exist/webapp/WEB-INF/data/restxq.registry.tmp 
2016-02-23 18:36:05,071 [WrapperListener_start_runner] INFO  (RestXqServiceRegistryPersistence.java [updateRegistryOnDisk]:220) - Replaced RESTXQ registry with new registry: /vagrant/exist/webapp/WEB-INF/data/restxq.registry 
2016-02-23 18:36:05,072 [WrapperListener_start_runner] INFO  (RestXqServiceRegistryLogger.java [registered]:43) - Registered RESTXQ Resource Function: /db/apps/demo/examples/contacts/contacts.xql,{http://exist-db.org/apps/demo/restxq/contacts}get-image-from-uri-xml#1 
2016-02-23 18:36:05,072 [WrapperListener_start_runner] INFO  (RestXqServiceRegistryPersistence.java [updateRegistryOnDisk]:171) - Updating new RESTXQ registry on disk: /vagrant/exist/webapp/WEB-INF/data/restxq.registry.tmp 
2016-02-23 18:36:05,078 [WrapperListener_start_runner] INFO  (RestXqServiceRegistryPersistence.java [updateRegistryOnDisk]:220) - Replaced RESTXQ registry with new registry: /vagrant/exist/webapp/WEB-INF/data/restxq.registry 
2016-02-23 18:36:05,078 [WrapperListener_start_runner] INFO  (RestXqServiceRegistryLogger.java [registered]:43) - Registered RESTXQ Resource Function: /db/apps/demo/examples/contacts/contacts.xql,{http://exist-db.org/apps/demo/restxq/contacts}get-multiple#2 
2016-02-23 18:36:05,079 [WrapperListener_start_runner] INFO  (RestXqServiceRegistryPersistence.java [updateRegistryOnDisk]:171) - Updating new RESTXQ registry on disk: /vagrant/exist/webapp/WEB-INF/data/restxq.registry.tmp 
2016-02-23 18:36:05,084 [WrapperListener_start_runner] INFO  (RestXqServiceRegistryPersistence.java [updateRegistryOnDisk]:220) - Replaced RESTXQ registry with new registry: /vagrant/exist/webapp/WEB-INF/data/restxq.registry 
2016-02-23 18:36:05,084 [WrapperListener_start_runner] INFO  (RestXqServiceRegistryLogger.java [registered]:43) - Registered RESTXQ Resource Function: /db/apps/demo/examples/contacts/contacts.xql,{http://exist-db.org/apps/demo/restxq/contacts}post#1 
2016-02-23 18:36:05,084 [WrapperListener_start_runner] INFO  (RestXqServiceRegistryPersistence.java [updateRegistryOnDisk]:171) - Updating new RESTXQ registry on disk: /vagrant/exist/webapp/WEB-INF/data/restxq.registry.tmp 
2016-02-23 18:36:05,089 [WrapperListener_start_runner] INFO  (RestXqServiceRegistryPersistence.java [updateRegistryOnDisk]:220) - Replaced RESTXQ registry with new registry: /vagrant/exist/webapp/WEB-INF/data/restxq.registry 
2016-02-23 18:36:05,090 [WrapperListener_start_runner] INFO  (RestXqServiceRegistryLogger.java [registered]:43) - Registered RESTXQ Resource Function: /db/apps/demo/examples/contacts/contacts.xql,{http://exist-db.org/apps/demo/restxq/contacts}put#2 
2016-02-23 18:36:05,090 [WrapperListener_start_runner] INFO  (RestXqServiceRegistryPersistence.java [updateRegistryOnDisk]:171) - Updating new RESTXQ registry on disk: /vagrant/exist/webapp/WEB-INF/data/restxq.registry.tmp 
2016-02-23 18:36:05,098 [WrapperListener_start_runner] INFO  (RestXqServiceRegistryPersistence.java [updateRegistryOnDisk]:220) - Replaced RESTXQ registry with new registry: /vagrant/exist/webapp/WEB-INF/data/restxq.registry 
2016-02-23 18:36:05,099 [WrapperListener_start_runner] INFO  (RestXqServiceRegistryLogger.java [registered]:43) - Registered RESTXQ Resource Function: /db/apps/demo/examples/contacts/contacts.xql,{http://exist-db.org/apps/demo/restxq/contacts}put-image-from-uri#2 
2016-02-23 18:36:05,099 [WrapperListener_start_runner] INFO  (RestXqServiceRegistryPersistence.java [updateRegistryOnDisk]:171) - Updating new RESTXQ registry on disk: /vagrant/exist/webapp/WEB-INF/data/restxq.registry.tmp 
2016-02-23 18:36:05,104 [WrapperListener_start_runner] INFO  (RestXqServiceRegistryPersistence.java [updateRegistryOnDisk]:220) - Replaced RESTXQ registry with new registry: /vagrant/exist/webapp/WEB-INF/data/restxq.registry 
2016-02-23 18:36:06,150 [WrapperListener_start_runner] WARN  (ExistXqueryRegistry.java [recordMissingDependency]:397) - Module '/db/apps/demo/examples/templating/restxq-demo.xql' has a missing dependency on '/db/apps/demo/examples/templating/examples.xql'. Will re-examine if the missing module is added. 
2016-02-23 18:36:06,250 [WrapperListener_start_runner] INFO  (ExistXqueryRegistry.java [reexamineModulesWithResolvedDependencies]:287) - Missing dependency '/db/apps/demo/examples/templating/examples.xql' has been added to the database, re-examining '/db/apps/demo/modules/view.xql'... 
2016-02-23 18:36:06,531 [WrapperListener_start_runner] INFO  (ExistXqueryRegistry.java [reexamineModulesWithResolvedDependencies]:287) - Missing dependency '/db/apps/demo/examples/templating/examples.xql' has been added to the database, re-examining '/db/apps/demo/examples/templating/restxq-demo.xql'... 
2016-02-23 18:36:06,644 [WrapperListener_start_runner] INFO  (RestXqServiceRegistryLogger.java [registered]:43) - Registered RESTXQ Resource Function: /db/apps/demo/examples/templating/restxq-demo.xql,{http://exist-db.org/apps/restxq/demo}page#0 
2016-02-23 18:36:06,648 [WrapperListener_start_runner] INFO  (RestXqServiceRegistryPersistence.java [updateRegistryOnDisk]:171) - Updating new RESTXQ registry on disk: /vagrant/exist/webapp/WEB-INF/data/restxq.registry.tmp 
2016-02-23 18:36:06,658 [WrapperListener_start_runner] INFO  (RestXqServiceRegistryPersistence.java [updateRegistryOnDisk]:220) - Replaced RESTXQ registry with new registry: /vagrant/exist/webapp/WEB-INF/data/restxq.registry 
2016-02-23 18:36:06,911 [WrapperListener_start_runner] INFO  (RestXqServiceRegistryLogger.java [registered]:43) - Registered RESTXQ Resource Function: /db/apps/demo/examples/xforms/restxq-demo.xql,{http://exist-db.org/apps/restxq/demo}addresses#0 
2016-02-23 18:36:06,912 [WrapperListener_start_runner] INFO  (RestXqServiceRegistryPersistence.java [updateRegistryOnDisk]:171) - Updating new RESTXQ registry on disk: /vagrant/exist/webapp/WEB-INF/data/restxq.registry.tmp 
2016-02-23 18:36:06,920 [WrapperListener_start_runner] INFO  (RestXqServiceRegistryPersistence.java [updateRegistryOnDisk]:220) - Replaced RESTXQ registry with new registry: /vagrant/exist/webapp/WEB-INF/data/restxq.registry 
2016-02-23 18:36:06,920 [WrapperListener_start_runner] INFO  (RestXqServiceRegistryLogger.java [registered]:43) - Registered RESTXQ Resource Function: /db/apps/demo/examples/xforms/restxq-demo.xql,{http://exist-db.org/apps/restxq/demo}create-or-edit-address#1 
2016-02-23 18:36:06,921 [WrapperListener_start_runner] INFO  (RestXqServiceRegistryPersistence.java [updateRegistryOnDisk]:171) - Updating new RESTXQ registry on disk: /vagrant/exist/webapp/WEB-INF/data/restxq.registry.tmp 
2016-02-23 18:36:06,926 [WrapperListener_start_runner] INFO  (RestXqServiceRegistryPersistence.java [updateRegistryOnDisk]:220) - Replaced RESTXQ registry with new registry: /vagrant/exist/webapp/WEB-INF/data/restxq.registry 
2016-02-23 18:36:06,927 [WrapperListener_start_runner] INFO  (RestXqServiceRegistryLogger.java [registered]:43) - Registered RESTXQ Resource Function: /db/apps/demo/examples/xforms/restxq-demo.xql,{http://exist-db.org/apps/restxq/demo}delete-address#1 
2016-02-23 18:36:06,927 [WrapperListener_start_runner] INFO  (RestXqServiceRegistryPersistence.java [updateRegistryOnDisk]:171) - Updating new RESTXQ registry on disk: /vagrant/exist/webapp/WEB-INF/data/restxq.registry.tmp 
2016-02-23 18:36:06,932 [WrapperListener_start_runner] INFO  (RestXqServiceRegistryPersistence.java [updateRegistryOnDisk]:220) - Replaced RESTXQ registry with new registry: /vagrant/exist/webapp/WEB-INF/data/restxq.registry 
2016-02-23 18:36:06,933 [WrapperListener_start_runner] INFO  (RestXqServiceRegistryLogger.java [registered]:43) - Registered RESTXQ Resource Function: /db/apps/demo/examples/xforms/restxq-demo.xql,{http://exist-db.org/apps/restxq/demo}get-address#1 
2016-02-23 18:36:06,933 [WrapperListener_start_runner] INFO  (RestXqServiceRegistryPersistence.java [updateRegistryOnDisk]:171) - Updating new RESTXQ registry on disk: /vagrant/exist/webapp/WEB-INF/data/restxq.registry.tmp 
2016-02-23 18:36:06,938 [WrapperListener_start_runner] INFO  (RestXqServiceRegistryPersistence.java [updateRegistryOnDisk]:220) - Replaced RESTXQ registry with new registry: /vagrant/exist/webapp/WEB-INF/data/restxq.registry 
2016-02-23 18:36:06,938 [WrapperListener_start_runner] INFO  (RestXqServiceRegistryLogger.java [registered]:43) - Registered RESTXQ Resource Function: /db/apps/demo/examples/xforms/restxq-demo.xql,{http://exist-db.org/apps/restxq/demo}search-addresses#2 
2016-02-23 18:36:06,939 [WrapperListener_start_runner] INFO  (RestXqServiceRegistryPersistence.java [updateRegistryOnDisk]:171) - Updating new RESTXQ registry on disk: /vagrant/exist/webapp/WEB-INF/data/restxq.registry.tmp 
2016-02-23 18:36:06,947 [WrapperListener_start_runner] INFO  (RestXqServiceRegistryPersistence.java [updateRegistryOnDisk]:220) - Replaced RESTXQ registry with new registry: /vagrant/exist/webapp/WEB-INF/data/restxq.registry 
2016-02-23 18:36:07,494 [WrapperListener_start_runner] INFO  (RestXqServiceRegistryLogger.java [registered]:43) - Registered RESTXQ Resource Function: /db/apps/demo/examples/templating/restxq-demo.xql,{http://exist-db.org/apps/restxq/demo}page#0 
2016-02-23 18:36:07,495 [WrapperListener_start_runner] INFO  (RestXqServiceRegistryPersistence.java [updateRegistryOnDisk]:171) - Updating new RESTXQ registry on disk: /vagrant/exist/webapp/WEB-INF/data/restxq.registry.tmp 
2016-02-23 18:36:07,500 [WrapperListener_start_runner] INFO  (RestXqServiceRegistryPersistence.java [updateRegistryOnDisk]:220) - Replaced RESTXQ registry with new registry: /vagrant/exist/webapp/WEB-INF/data/restxq.registry 
2016-02-23 18:36:07,583 [WrapperListener_start_runner] INFO  (RestXqServiceRegistryLogger.java [registered]:43) - Registered RESTXQ Resource Function: /db/apps/demo/examples/contacts/contacts.xql,{http://exist-db.org/apps/demo/restxq/contacts}delete#1 
2016-02-23 18:36:07,584 [WrapperListener_start_runner] INFO  (RestXqServiceRegistryPersistence.java [updateRegistryOnDisk]:171) - Updating new RESTXQ registry on disk: /vagrant/exist/webapp/WEB-INF/data/restxq.registry.tmp 
2016-02-23 18:36:07,592 [WrapperListener_start_runner] INFO  (RestXqServiceRegistryPersistence.java [updateRegistryOnDisk]:220) - Replaced RESTXQ registry with new registry: /vagrant/exist/webapp/WEB-INF/data/restxq.registry 
2016-02-23 18:36:07,592 [WrapperListener_start_runner] INFO  (RestXqServiceRegistryLogger.java [registered]:43) - Registered RESTXQ Resource Function: /db/apps/demo/examples/contacts/contacts.xql,{http://exist-db.org/apps/demo/restxq/contacts}get#1 
2016-02-23 18:36:07,593 [WrapperListener_start_runner] INFO  (RestXqServiceRegistryPersistence.java [updateRegistryOnDisk]:171) - Updating new RESTXQ registry on disk: /vagrant/exist/webapp/WEB-INF/data/restxq.registry.tmp 
2016-02-23 18:36:07,599 [WrapperListener_start_runner] INFO  (RestXqServiceRegistryPersistence.java [updateRegistryOnDisk]:220) - Replaced RESTXQ registry with new registry: /vagrant/exist/webapp/WEB-INF/data/restxq.registry 
2016-02-23 18:36:07,599 [WrapperListener_start_runner] INFO  (RestXqServiceRegistryLogger.java [registered]:43) - Registered RESTXQ Resource Function: /db/apps/demo/examples/contacts/contacts.xql,{http://exist-db.org/apps/demo/restxq/contacts}get-image#1 
2016-02-23 18:36:07,600 [WrapperListener_start_runner] INFO  (RestXqServiceRegistryPersistence.java [updateRegistryOnDisk]:171) - Updating new RESTXQ registry on disk: /vagrant/exist/webapp/WEB-INF/data/restxq.registry.tmp 
2016-02-23 18:36:07,604 [WrapperListener_start_runner] INFO  (RestXqServiceRegistryPersistence.java [updateRegistryOnDisk]:220) - Replaced RESTXQ registry with new registry: /vagrant/exist/webapp/WEB-INF/data/restxq.registry 
2016-02-23 18:36:07,605 [WrapperListener_start_runner] INFO  (RestXqServiceRegistryLogger.java [registered]:43) - Registered RESTXQ Resource Function: /db/apps/demo/examples/contacts/contacts.xql,{http://exist-db.org/apps/demo/restxq/contacts}get-image-by-resource-id#1 
2016-02-23 18:36:07,605 [WrapperListener_start_runner] INFO  (RestXqServiceRegistryPersistence.java [updateRegistryOnDisk]:171) - Updating new RESTXQ registry on disk: /vagrant/exist/webapp/WEB-INF/data/restxq.registry.tmp 
2016-02-23 18:36:07,610 [WrapperListener_start_runner] INFO  (RestXqServiceRegistryPersistence.java [updateRegistryOnDisk]:220) - Replaced RESTXQ registry with new registry: /vagrant/exist/webapp/WEB-INF/data/restxq.registry 
2016-02-23 18:36:07,610 [WrapperListener_start_runner] INFO  (RestXqServiceRegistryLogger.java [registered]:43) - Registered RESTXQ Resource Function: /db/apps/demo/examples/contacts/contacts.xql,{http://exist-db.org/apps/demo/restxq/contacts}get-image-from-uri-json#1 
2016-02-23 18:36:07,610 [WrapperListener_start_runner] INFO  (RestXqServiceRegistryPersistence.java [updateRegistryOnDisk]:171) - Updating new RESTXQ registry on disk: /vagrant/exist/webapp/WEB-INF/data/restxq.registry.tmp 
2016-02-23 18:36:07,616 [WrapperListener_start_runner] INFO  (RestXqServiceRegistryPersistence.java [updateRegistryOnDisk]:220) - Replaced RESTXQ registry with new registry: /vagrant/exist/webapp/WEB-INF/data/restxq.registry 
2016-02-23 18:36:07,616 [WrapperListener_start_runner] INFO  (RestXqServiceRegistryLogger.java [registered]:43) - Registered RESTXQ Resource Function: /db/apps/demo/examples/contacts/contacts.xql,{http://exist-db.org/apps/demo/restxq/contacts}get-image-from-uri-xml#1 
2016-02-23 18:36:07,617 [WrapperListener_start_runner] INFO  (RestXqServiceRegistryPersistence.java [updateRegistryOnDisk]:171) - Updating new RESTXQ registry on disk: /vagrant/exist/webapp/WEB-INF/data/restxq.registry.tmp 
2016-02-23 18:36:07,627 [WrapperListener_start_runner] INFO  (RestXqServiceRegistryPersistence.java [updateRegistryOnDisk]:220) - Replaced RESTXQ registry with new registry: /vagrant/exist/webapp/WEB-INF/data/restxq.registry 
2016-02-23 18:36:07,627 [WrapperListener_start_runner] INFO  (RestXqServiceRegistryLogger.java [registered]:43) - Registered RESTXQ Resource Function: /db/apps/demo/examples/contacts/contacts.xql,{http://exist-db.org/apps/demo/restxq/contacts}get-multiple#2 
2016-02-23 18:36:07,628 [WrapperListener_start_runner] INFO  (RestXqServiceRegistryPersistence.java [updateRegistryOnDisk]:171) - Updating new RESTXQ registry on disk: /vagrant/exist/webapp/WEB-INF/data/restxq.registry.tmp 
2016-02-23 18:36:07,632 [WrapperListener_start_runner] INFO  (RestXqServiceRegistryPersistence.java [updateRegistryOnDisk]:220) - Replaced RESTXQ registry with new registry: /vagrant/exist/webapp/WEB-INF/data/restxq.registry 
2016-02-23 18:36:07,633 [WrapperListener_start_runner] INFO  (RestXqServiceRegistryLogger.java [registered]:43) - Registered RESTXQ Resource Function: /db/apps/demo/examples/contacts/contacts.xql,{http://exist-db.org/apps/demo/restxq/contacts}post#1 
2016-02-23 18:36:07,633 [WrapperListener_start_runner] INFO  (RestXqServiceRegistryPersistence.java [updateRegistryOnDisk]:171) - Updating new RESTXQ registry on disk: /vagrant/exist/webapp/WEB-INF/data/restxq.registry.tmp 
2016-02-23 18:36:07,638 [WrapperListener_start_runner] INFO  (RestXqServiceRegistryPersistence.java [updateRegistryOnDisk]:220) - Replaced RESTXQ registry with new registry: /vagrant/exist/webapp/WEB-INF/data/restxq.registry 
2016-02-23 18:36:07,639 [WrapperListener_start_runner] INFO  (RestXqServiceRegistryLogger.java [registered]:43) - Registered RESTXQ Resource Function: /db/apps/demo/examples/contacts/contacts.xql,{http://exist-db.org/apps/demo/restxq/contacts}put#2 
2016-02-23 18:36:07,639 [WrapperListener_start_runner] INFO  (RestXqServiceRegistryPersistence.java [updateRegistryOnDisk]:171) - Updating new RESTXQ registry on disk: /vagrant/exist/webapp/WEB-INF/data/restxq.registry.tmp 
2016-02-23 18:36:07,645 [WrapperListener_start_runner] INFO  (RestXqServiceRegistryPersistence.java [updateRegistryOnDisk]:220) - Replaced RESTXQ registry with new registry: /vagrant/exist/webapp/WEB-INF/data/restxq.registry 
2016-02-23 18:36:07,645 [WrapperListener_start_runner] INFO  (RestXqServiceRegistryLogger.java [registered]:43) - Registered RESTXQ Resource Function: /db/apps/demo/examples/contacts/contacts.xql,{http://exist-db.org/apps/demo/restxq/contacts}put-image-from-uri#2 
2016-02-23 18:36:07,646 [WrapperListener_start_runner] INFO  (RestXqServiceRegistryPersistence.java [updateRegistryOnDisk]:171) - Updating new RESTXQ registry on disk: /vagrant/exist/webapp/WEB-INF/data/restxq.registry.tmp 
2016-02-23 18:36:07,650 [WrapperListener_start_runner] INFO  (RestXqServiceRegistryPersistence.java [updateRegistryOnDisk]:220) - Replaced RESTXQ registry with new registry: /vagrant/exist/webapp/WEB-INF/data/restxq.registry 
2016-02-23 18:36:07,742 [WrapperListener_start_runner] INFO  (RestXqServiceRegistryLogger.java [registered]:43) - Registered RESTXQ Resource Function: /db/apps/demo/examples/xforms/restxq-demo.xql,{http://exist-db.org/apps/restxq/demo}addresses#0 
2016-02-23 18:36:07,743 [WrapperListener_start_runner] INFO  (RestXqServiceRegistryPersistence.java [updateRegistryOnDisk]:171) - Updating new RESTXQ registry on disk: /vagrant/exist/webapp/WEB-INF/data/restxq.registry.tmp 
2016-02-23 18:36:07,748 [WrapperListener_start_runner] INFO  (RestXqServiceRegistryPersistence.java [updateRegistryOnDisk]:220) - Replaced RESTXQ registry with new registry: /vagrant/exist/webapp/WEB-INF/data/restxq.registry 
2016-02-23 18:36:07,748 [WrapperListener_start_runner] INFO  (RestXqServiceRegistryLogger.java [registered]:43) - Registered RESTXQ Resource Function: /db/apps/demo/examples/xforms/restxq-demo.xql,{http://exist-db.org/apps/restxq/demo}create-or-edit-address#1 
2016-02-23 18:36:07,748 [WrapperListener_start_runner] INFO  (RestXqServiceRegistryPersistence.java [updateRegistryOnDisk]:171) - Updating new RESTXQ registry on disk: /vagrant/exist/webapp/WEB-INF/data/restxq.registry.tmp 
2016-02-23 18:36:07,763 [WrapperListener_start_runner] INFO  (RestXqServiceRegistryPersistence.java [updateRegistryOnDisk]:220) - Replaced RESTXQ registry with new registry: /vagrant/exist/webapp/WEB-INF/data/restxq.registry 
2016-02-23 18:36:07,763 [WrapperListener_start_runner] INFO  (RestXqServiceRegistryLogger.java [registered]:43) - Registered RESTXQ Resource Function: /db/apps/demo/examples/xforms/restxq-demo.xql,{http://exist-db.org/apps/restxq/demo}delete-address#1 
2016-02-23 18:36:07,764 [WrapperListener_start_runner] INFO  (RestXqServiceRegistryPersistence.java [updateRegistryOnDisk]:171) - Updating new RESTXQ registry on disk: /vagrant/exist/webapp/WEB-INF/data/restxq.registry.tmp 
2016-02-23 18:36:07,783 [WrapperListener_start_runner] INFO  (RestXqServiceRegistryPersistence.java [updateRegistryOnDisk]:220) - Replaced RESTXQ registry with new registry: /vagrant/exist/webapp/WEB-INF/data/restxq.registry 
2016-02-23 18:36:07,783 [WrapperListener_start_runner] INFO  (RestXqServiceRegistryLogger.java [registered]:43) - Registered RESTXQ Resource Function: /db/apps/demo/examples/xforms/restxq-demo.xql,{http://exist-db.org/apps/restxq/demo}get-address#1 
2016-02-23 18:36:07,783 [WrapperListener_start_runner] INFO  (RestXqServiceRegistryPersistence.java [updateRegistryOnDisk]:171) - Updating new RESTXQ registry on disk: /vagrant/exist/webapp/WEB-INF/data/restxq.registry.tmp 
2016-02-23 18:36:07,796 [WrapperListener_start_runner] INFO  (RestXqServiceRegistryPersistence.java [updateRegistryOnDisk]:220) - Replaced RESTXQ registry with new registry: /vagrant/exist/webapp/WEB-INF/data/restxq.registry 
2016-02-23 18:36:07,796 [WrapperListener_start_runner] INFO  (RestXqServiceRegistryLogger.java [registered]:43) - Registered RESTXQ Resource Function: /db/apps/demo/examples/xforms/restxq-demo.xql,{http://exist-db.org/apps/restxq/demo}search-addresses#2 
2016-02-23 18:36:07,797 [WrapperListener_start_runner] INFO  (RestXqServiceRegistryPersistence.java [updateRegistryOnDisk]:171) - Updating new RESTXQ registry on disk: /vagrant/exist/webapp/WEB-INF/data/restxq.registry.tmp 
2016-02-23 18:36:07,808 [WrapperListener_start_runner] INFO  (RestXqServiceRegistryPersistence.java [updateRegistryOnDisk]:220) - Replaced RESTXQ registry with new registry: /vagrant/exist/webapp/WEB-INF/data/restxq.registry 
2016-02-23 18:36:11,797 [WrapperListener_start_runner] WARN  (ExistXqueryRegistry.java [recordMissingDependency]:397) - Module '/db/apps/doc/modules/diagnostics.xql' has a missing dependency on '/db/apps/doc/modules/templates.xql'. Will re-examine if the missing module is added. 
2016-02-23 18:36:12,043 [WrapperListener_start_runner] WARN  (ExistXqueryRegistry.java [recordMissingDependency]:397) - Module '/db/apps/doc/modules/docbook.xql' has a missing dependency on '/db/apps/doc/modules/search.xql'. Will re-examine if the missing module is added. 
2016-02-23 18:36:12,178 [WrapperListener_start_runner] INFO  (ExistXqueryRegistry.java [reexamineModulesWithResolvedDependencies]:287) - Missing dependency '/db/apps/doc/modules/search.xql' has been added to the database, re-examining '/db/apps/doc/modules/docbook.xql'... 
2016-02-23 18:36:18,078 [WrapperListener_start_runner] WARN  (ExistXqueryRegistry.java [recordMissingDependency]:397) - Module '/db/apps/markdown/parse.xql' has a missing dependency on '/db/apps/markdown/content/markdown.xql'. Will re-examine if the missing module is added. 
2016-02-23 18:36:18,227 [WrapperListener_start_runner] INFO  (ExistXqueryRegistry.java [reexamineModulesWithResolvedDependencies]:287) - Missing dependency '/db/apps/markdown/content/markdown.xql' has been added to the database, re-examining '/db/apps/markdown/parse.xql'... 
2016-02-23 18:47:06,571 [eXistThread-51] WARN  (ExistXqueryRegistry.java [recordMissingDependency]:397) - Module '/db/apps/CTS5XQ/modules/rest.xql' has a missing dependency on '/db/apps/CTS5XQ/modules/cts.xql'. Will re-examine if the missing module is added. 
2016-02-23 18:47:06,745 [eXistThread-51] INFO  (ExistXqueryRegistry.java [reexamineModulesWithResolvedDependencies]:287) - Missing dependency '/db/apps/CTS5XQ/modules/cts.xql' has been added to the database, re-examining '/db/apps/CTS5XQ/modules/rest.xql'... 
2016-02-23 18:47:06,922 [eXistThread-51] INFO  (RestXqServiceRegistryLogger.java [registered]:43) - Registered RESTXQ Resource Function: /db/apps/CTS5XQ/modules/rest.xql,{http://github.com/Capitains/cts-XQ}root#4 
2016-02-23 18:47:06,923 [eXistThread-51] INFO  (RestXqServiceRegistryPersistence.java [updateRegistryOnDisk]:171) - Updating new RESTXQ registry on disk: /vagrant/exist/webapp/WEB-INF/data/restxq.registry.tmp 
2016-02-23 18:47:06,929 [eXistThread-51] INFO  (RestXqServiceRegistryPersistence.java [updateRegistryOnDisk]:220) - Replaced RESTXQ registry with new registry: /vagrant/exist/webapp/WEB-INF/data/restxq.registry 
2016-02-23 18:47:07,132 [eXistThread-51] INFO  (RestXqServiceRegistryLogger.java [registered]:43) - Registered RESTXQ Resource Function: /db/apps/CTS5XQ/modules/rest.xql,{http://github.com/Capitains/cts-XQ}root#4 
2016-02-23 18:47:07,133 [eXistThread-51] INFO  (RestXqServiceRegistryPersistence.java [updateRegistryOnDisk]:171) - Updating new RESTXQ registry on disk: /vagrant/exist/webapp/WEB-INF/data/restxq.registry.tmp 
2016-02-23 18:47:07,139 [eXistThread-51] INFO  (RestXqServiceRegistryPersistence.java [updateRegistryOnDisk]:220) - Replaced RESTXQ registry with new registry: /vagrant/exist/webapp/WEB-INF/data/restxq.registry 
2016-02-23 18:56:30,220 [eXistThread-59] INFO  (AbstractExistHttpServlet.java [getOrCreateBrokerPool]:96) - Database already started. Skipping configuration ... 
2016-02-23 18:56:30,221 [eXistThread-59] INFO  (AbstractExistHttpServlet.java [doGeneralExistServletConfig]:198) - Using default user guest for all unauthorized requests. 
2016-02-23 19:02:26,087 [eXistThread-60] WARN  (ExistXqueryRegistry.java [recordMissingDependency]:397) - Module '/db/apps/CTS5XQ/modules/cts.xql' has a missing dependency on '/db/apps/CTS5XQ/modules/cts-common.xql'. Will re-examine if the missing module is added. 
2016-02-23 19:02:26,088 [eXistThread-60] INFO  (RestXqServiceRegistryLogger.java [deregistered]:48) - De-registered RESTXQ Resource Function: /db/apps/CTS5XQ/modules/rest.xql,{http://github.com/Capitains/cts-XQ}root#4 
2016-02-23 19:02:26,089 [eXistThread-60] INFO  (RestXqServiceRegistryPersistence.java [updateRegistryOnDisk]:171) - Updating new RESTXQ registry on disk: /vagrant/exist/webapp/WEB-INF/data/restxq.registry.tmp 
2016-02-23 19:02:26,097 [eXistThread-60] INFO  (RestXqServiceRegistryPersistence.java [updateRegistryOnDisk]:220) - Replaced RESTXQ registry with new registry: /vagrant/exist/webapp/WEB-INF/data/restxq.registry 
2016-02-23 19:02:26,098 [eXistThread-60] WARN  (ExistXqueryRegistry.java [recordMissingDependency]:397) - Module '/db/apps/CTS5XQ/modules/rest.xql' has a missing dependency on '/db/apps/CTS5XQ/modules/cts-common.xql'. Will re-examine if the missing module is added. 
2016-02-23 19:02:26,099 [eXistThread-60] WARN  (ExistXqueryRegistry.java [recordMissingDependency]:397) - Module '/db/apps/CTS5XQ/modules/rest.xql' has a missing dependency on '/db/apps/CTS5XQ/modules/cts.xql'. Will re-examine if the missing module is added. 
2016-02-23 19:02:26,793 [eXistThread-60] INFO  (ExistXqueryRegistry.java [reexamineModulesWithResolvedDependencies]:292) - Dependant '/db/apps/CTS5XQ/modules/cts-common.xql' has been resolved. Dependency on: /db/apps/CTS5XQ/modules/cts.xqlwas removed 
2016-02-23 19:02:26,794 [eXistThread-60] INFO  (ExistXqueryRegistry.java [reexamineModulesWithResolvedDependencies]:292) - Dependant '/db/apps/CTS5XQ/modules/cts-common.xql' has been resolved. Dependency on: /db/apps/CTS5XQ/modules/rest.xqlwas removed 
2016-02-23 19:02:26,840 [eXistThread-60] WARN  (ExistXqueryRegistry.java [recordMissingDependency]:397) - Module '/db/apps/CTS5XQ/modules/rest.xql' has a missing dependency on '/db/apps/CTS5XQ/modules/cts.xql'. Will re-examine if the missing module is added. 
2016-02-23 19:02:27,047 [eXistThread-60] INFO  (ExistXqueryRegistry.java [reexamineModulesWithResolvedDependencies]:287) - Missing dependency '/db/apps/CTS5XQ/modules/cts.xql' has been added to the database, re-examining '/db/apps/CTS5XQ/modules/rest.xql'... 
2016-02-23 19:02:27,243 [eXistThread-60] INFO  (RestXqServiceRegistryLogger.java [registered]:43) - Registered RESTXQ Resource Function: /db/apps/CTS5XQ/modules/rest.xql,{http://github.com/Capitains/cts-XQ}root#4 
2016-02-23 19:02:27,244 [eXistThread-60] INFO  (RestXqServiceRegistryPersistence.java [updateRegistryOnDisk]:171) - Updating new RESTXQ registry on disk: /vagrant/exist/webapp/WEB-INF/data/restxq.registry.tmp 
2016-02-23 19:02:27,249 [eXistThread-60] INFO  (RestXqServiceRegistryPersistence.java [updateRegistryOnDisk]:220) - Replaced RESTXQ registry with new registry: /vagrant/exist/webapp/WEB-INF/data/restxq.registry 
2016-02-23 19:02:27,456 [eXistThread-60] INFO  (RestXqServiceRegistryLogger.java [registered]:43) - Registered RESTXQ Resource Function: /db/apps/CTS5XQ/modules/rest.xql,{http://github.com/Capitains/cts-XQ}root#4 
2016-02-23 19:02:27,457 [eXistThread-60] INFO  (RestXqServiceRegistryPersistence.java [updateRegistryOnDisk]:171) - Updating new RESTXQ registry on disk: /vagrant/exist/webapp/WEB-INF/data/restxq.registry.tmp 
2016-02-23 19:02:27,463 [eXistThread-60] INFO  (RestXqServiceRegistryPersistence.java [updateRegistryOnDisk]:220) - Replaced RESTXQ registry with new registry: /vagrant/exist/webapp/WEB-INF/data/restxq.registry 
2016-02-23 19:25:13,138 [eXistThread-60] INFO  (RestXqServiceRegistryLogger.java [deregistered]:48) - De-registered RESTXQ Resource Function: /db/apps/demo/examples/templating/restxq-demo.xql,{http://exist-db.org/apps/restxq/demo}page#0 
2016-02-23 19:25:13,140 [eXistThread-60] INFO  (RestXqServiceRegistryPersistence.java [updateRegistryOnDisk]:171) - Updating new RESTXQ registry on disk: /vagrant/exist/webapp/WEB-INF/data/restxq.registry.tmp 
2016-02-23 19:25:13,146 [eXistThread-60] INFO  (RestXqServiceRegistryPersistence.java [updateRegistryOnDisk]:220) - Replaced RESTXQ registry with new registry: /vagrant/exist/webapp/WEB-INF/data/restxq.registry 
2016-02-23 19:25:13,147 [eXistThread-60] WARN  (ExistXqueryRegistry.java [recordMissingDependency]:397) - Module '/db/apps/demo/modules/view.xql' has a missing dependency on '/db/apps/demo/examples/templating/examples.xql'. Will re-examine if the missing module is added. 
2016-02-23 19:25:13,147 [eXistThread-60] WARN  (ExistXqueryRegistry.java [recordMissingDependency]:397) - Module '/db/apps/demo/examples/templating/restxq-demo.xql' has a missing dependency on '/db/apps/demo/examples/templating/examples.xql'. Will re-examine if the missing module is added. 
2016-02-23 19:25:13,257 [eXistThread-60] INFO  (RestXqServiceRegistryLogger.java [deregistered]:48) - De-registered RESTXQ Resource Function: /db/apps/demo/examples/contacts/contacts.xql,{http://exist-db.org/apps/demo/restxq/contacts}get-image-by-resource-id#1 
2016-02-23 19:25:13,258 [eXistThread-60] INFO  (RestXqServiceRegistryLogger.java [deregistered]:48) - De-registered RESTXQ Resource Function: /db/apps/demo/examples/contacts/contacts.xql,{http://exist-db.org/apps/demo/restxq/contacts}get-image-from-uri-json#1 
2016-02-23 19:25:13,258 [eXistThread-60] INFO  (RestXqServiceRegistryLogger.java [deregistered]:48) - De-registered RESTXQ Resource Function: /db/apps/demo/examples/contacts/contacts.xql,{http://exist-db.org/apps/demo/restxq/contacts}get-image-from-uri-xml#1 
2016-02-23 19:25:13,258 [eXistThread-60] INFO  (RestXqServiceRegistryLogger.java [deregistered]:48) - De-registered RESTXQ Resource Function: /db/apps/demo/examples/contacts/contacts.xql,{http://exist-db.org/apps/demo/restxq/contacts}get#1 
2016-02-23 19:25:13,259 [eXistThread-60] INFO  (RestXqServiceRegistryLogger.java [deregistered]:48) - De-registered RESTXQ Resource Function: /db/apps/demo/examples/contacts/contacts.xql,{http://exist-db.org/apps/demo/restxq/contacts}get-image#1 
2016-02-23 19:25:13,259 [eXistThread-60] INFO  (RestXqServiceRegistryLogger.java [deregistered]:48) - De-registered RESTXQ Resource Function: /db/apps/demo/examples/contacts/contacts.xql,{http://exist-db.org/apps/demo/restxq/contacts}get-multiple#2 
2016-02-23 19:25:13,260 [eXistThread-60] INFO  (RestXqServiceRegistryPersistence.java [updateRegistryOnDisk]:171) - Updating new RESTXQ registry on disk: /vagrant/exist/webapp/WEB-INF/data/restxq.registry.tmp 
2016-02-23 19:25:13,265 [eXistThread-60] INFO  (RestXqServiceRegistryPersistence.java [updateRegistryOnDisk]:220) - Replaced RESTXQ registry with new registry: /vagrant/exist/webapp/WEB-INF/data/restxq.registry 
2016-02-23 19:25:13,265 [eXistThread-60] INFO  (RestXqServiceRegistryPersistence.java [updateRegistryOnDisk]:171) - Updating new RESTXQ registry on disk: /vagrant/exist/webapp/WEB-INF/data/restxq.registry.tmp 
2016-02-23 19:25:13,270 [eXistThread-60] INFO  (RestXqServiceRegistryPersistence.java [updateRegistryOnDisk]:220) - Replaced RESTXQ registry with new registry: /vagrant/exist/webapp/WEB-INF/data/restxq.registry 
2016-02-23 19:25:13,271 [eXistThread-60] INFO  (RestXqServiceRegistryPersistence.java [updateRegistryOnDisk]:171) - Updating new RESTXQ registry on disk: /vagrant/exist/webapp/WEB-INF/data/restxq.registry.tmp 
2016-02-23 19:25:13,276 [eXistThread-60] INFO  (RestXqServiceRegistryPersistence.java [updateRegistryOnDisk]:220) - Replaced RESTXQ registry with new registry: /vagrant/exist/webapp/WEB-INF/data/restxq.registry 
2016-02-23 19:25:13,276 [eXistThread-60] INFO  (RestXqServiceRegistryPersistence.java [updateRegistryOnDisk]:171) - Updating new RESTXQ registry on disk: /vagrant/exist/webapp/WEB-INF/data/restxq.registry.tmp 
2016-02-23 19:25:13,281 [eXistThread-60] INFO  (RestXqServiceRegistryPersistence.java [updateRegistryOnDisk]:220) - Replaced RESTXQ registry with new registry: /vagrant/exist/webapp/WEB-INF/data/restxq.registry 
2016-02-23 19:25:13,282 [eXistThread-60] INFO  (RestXqServiceRegistryPersistence.java [updateRegistryOnDisk]:171) - Updating new RESTXQ registry on disk: /vagrant/exist/webapp/WEB-INF/data/restxq.registry.tmp 
2016-02-23 19:25:13,289 [eXistThread-60] INFO  (RestXqServiceRegistryPersistence.java [updateRegistryOnDisk]:220) - Replaced RESTXQ registry with new registry: /vagrant/exist/webapp/WEB-INF/data/restxq.registry 
2016-02-23 19:25:13,290 [eXistThread-60] INFO  (RestXqServiceRegistryPersistence.java [updateRegistryOnDisk]:171) - Updating new RESTXQ registry on disk: /vagrant/exist/webapp/WEB-INF/data/restxq.registry.tmp 
2016-02-23 19:25:13,296 [eXistThread-60] INFO  (RestXqServiceRegistryPersistence.java [updateRegistryOnDisk]:220) - Replaced RESTXQ registry with new registry: /vagrant/exist/webapp/WEB-INF/data/restxq.registry 
2016-02-23 19:25:13,297 [eXistThread-60] INFO  (RestXqServiceRegistryLogger.java [deregistered]:48) - De-registered RESTXQ Resource Function: /db/apps/demo/examples/contacts/contacts.xql,{http://exist-db.org/apps/demo/restxq/contacts}post#1 
2016-02-23 19:25:13,297 [eXistThread-60] INFO  (RestXqServiceRegistryPersistence.java [updateRegistryOnDisk]:171) - Updating new RESTXQ registry on disk: /vagrant/exist/webapp/WEB-INF/data/restxq.registry.tmp 
2016-02-23 19:25:13,302 [eXistThread-60] INFO  (RestXqServiceRegistryPersistence.java [updateRegistryOnDisk]:220) - Replaced RESTXQ registry with new registry: /vagrant/exist/webapp/WEB-INF/data/restxq.registry 
2016-02-23 19:25:13,303 [eXistThread-60] INFO  (RestXqServiceRegistryLogger.java [deregistered]:48) - De-registered RESTXQ Resource Function: /db/apps/demo/examples/contacts/contacts.xql,{http://exist-db.org/apps/demo/restxq/contacts}put#2 
2016-02-23 19:25:13,303 [eXistThread-60] INFO  (RestXqServiceRegistryLogger.java [deregistered]:48) - De-registered RESTXQ Resource Function: /db/apps/demo/examples/contacts/contacts.xql,{http://exist-db.org/apps/demo/restxq/contacts}put-image-from-uri#2 
2016-02-23 19:25:13,304 [eXistThread-60] INFO  (RestXqServiceRegistryPersistence.java [updateRegistryOnDisk]:171) - Updating new RESTXQ registry on disk: /vagrant/exist/webapp/WEB-INF/data/restxq.registry.tmp 
2016-02-23 19:25:13,311 [eXistThread-60] INFO  (RestXqServiceRegistryPersistence.java [updateRegistryOnDisk]:220) - Replaced RESTXQ registry with new registry: /vagrant/exist/webapp/WEB-INF/data/restxq.registry 
2016-02-23 19:25:13,312 [eXistThread-60] INFO  (RestXqServiceRegistryPersistence.java [updateRegistryOnDisk]:171) - Updating new RESTXQ registry on disk: /vagrant/exist/webapp/WEB-INF/data/restxq.registry.tmp 
2016-02-23 19:25:13,319 [eXistThread-60] INFO  (RestXqServiceRegistryPersistence.java [updateRegistryOnDisk]:220) - Replaced RESTXQ registry with new registry: /vagrant/exist/webapp/WEB-INF/data/restxq.registry 
2016-02-23 19:25:13,319 [eXistThread-60] INFO  (RestXqServiceRegistryLogger.java [deregistered]:48) - De-registered RESTXQ Resource Function: /db/apps/demo/examples/contacts/contacts.xql,{http://exist-db.org/apps/demo/restxq/contacts}delete#1 
2016-02-23 19:25:13,320 [eXistThread-60] INFO  (RestXqServiceRegistryPersistence.java [updateRegistryOnDisk]:171) - Updating new RESTXQ registry on disk: /vagrant/exist/webapp/WEB-INF/data/restxq.registry.tmp 
2016-02-23 19:25:13,326 [eXistThread-60] INFO  (RestXqServiceRegistryPersistence.java [updateRegistryOnDisk]:220) - Replaced RESTXQ registry with new registry: /vagrant/exist/webapp/WEB-INF/data/restxq.registry 
2016-02-23 19:25:13,343 [eXistThread-60] INFO  (RestXqServiceRegistryLogger.java [deregistered]:48) - De-registered RESTXQ Resource Function: /db/apps/demo/examples/xforms/restxq-demo.xql,{http://exist-db.org/apps/restxq/demo}get-address#1 
2016-02-23 19:25:13,343 [eXistThread-60] INFO  (RestXqServiceRegistryLogger.java [deregistered]:48) - De-registered RESTXQ Resource Function: /db/apps/demo/examples/xforms/restxq-demo.xql,{http://exist-db.org/apps/restxq/demo}addresses#0 
2016-02-23 19:25:13,343 [eXistThread-60] INFO  (RestXqServiceRegistryLogger.java [deregistered]:48) - De-registered RESTXQ Resource Function: /db/apps/demo/examples/xforms/restxq-demo.xql,{http://exist-db.org/apps/restxq/demo}search-addresses#2 
2016-02-23 19:25:13,344 [eXistThread-60] INFO  (RestXqServiceRegistryPersistence.java [updateRegistryOnDisk]:171) - Updating new RESTXQ registry on disk: /vagrant/exist/webapp/WEB-INF/data/restxq.registry.tmp 
2016-02-23 19:25:13,349 [eXistThread-60] INFO  (RestXqServiceRegistryPersistence.java [updateRegistryOnDisk]:220) - Replaced RESTXQ registry with new registry: /vagrant/exist/webapp/WEB-INF/data/restxq.registry 
2016-02-23 19:25:13,350 [eXistThread-60] INFO  (RestXqServiceRegistryPersistence.java [updateRegistryOnDisk]:171) - Updating new RESTXQ registry on disk: /vagrant/exist/webapp/WEB-INF/data/restxq.registry.tmp 
2016-02-23 19:25:13,355 [eXistThread-60] INFO  (RestXqServiceRegistryPersistence.java [updateRegistryOnDisk]:220) - Replaced RESTXQ registry with new registry: /vagrant/exist/webapp/WEB-INF/data/restxq.registry 
2016-02-23 19:25:13,355 [eXistThread-60] INFO  (RestXqServiceRegistryPersistence.java [updateRegistryOnDisk]:171) - Updating new RESTXQ registry on disk: /vagrant/exist/webapp/WEB-INF/data/restxq.registry.tmp 
2016-02-23 19:25:13,360 [eXistThread-60] INFO  (RestXqServiceRegistryPersistence.java [updateRegistryOnDisk]:220) - Replaced RESTXQ registry with new registry: /vagrant/exist/webapp/WEB-INF/data/restxq.registry 
2016-02-23 19:25:13,360 [eXistThread-60] INFO  (RestXqServiceRegistryLogger.java [deregistered]:48) - De-registered RESTXQ Resource Function: /db/apps/demo/examples/xforms/restxq-demo.xql,{http://exist-db.org/apps/restxq/demo}create-or-edit-address#1 
2016-02-23 19:25:13,361 [eXistThread-60] INFO  (RestXqServiceRegistryPersistence.java [updateRegistryOnDisk]:171) - Updating new RESTXQ registry on disk: /vagrant/exist/webapp/WEB-INF/data/restxq.registry.tmp 
2016-02-23 19:25:13,366 [eXistThread-60] INFO  (RestXqServiceRegistryPersistence.java [updateRegistryOnDisk]:220) - Replaced RESTXQ registry with new registry: /vagrant/exist/webapp/WEB-INF/data/restxq.registry 
2016-02-23 19:25:13,366 [eXistThread-60] INFO  (RestXqServiceRegistryLogger.java [deregistered]:48) - De-registered RESTXQ Resource Function: /db/apps/demo/examples/xforms/restxq-demo.xql,{http://exist-db.org/apps/restxq/demo}delete-address#1 
2016-02-23 19:25:13,367 [eXistThread-60] INFO  (RestXqServiceRegistryPersistence.java [updateRegistryOnDisk]:171) - Updating new RESTXQ registry on disk: /vagrant/exist/webapp/WEB-INF/data/restxq.registry.tmp 
2016-02-23 19:25:13,371 [eXistThread-60] INFO  (RestXqServiceRegistryPersistence.java [updateRegistryOnDisk]:220) - Replaced RESTXQ registry with new registry: /vagrant/exist/webapp/WEB-INF/data/restxq.registry 
2016-02-23 19:25:13,372 [eXistThread-60] WARN  (ExistXqueryRegistry.java [recordMissingDependency]:397) - Module '/db/apps/demo/examples/xforms/controller.xql' has a missing dependency on '/db/apps/demo/examples/xforms/restxq-demo.xql'. Will re-examine if the missing module is added. 
2016-02-23 19:25:13,415 [eXistThread-60] WARN  (ExistXqueryRegistry.java [recordMissingDependency]:397) - Module '/db/apps/demo/examples/tests/shakespeare.xql' has a missing dependency on '/db/apps/demo/examples/tests/shakespeare-tests.xql'. Will re-examine if the missing module is added. 
2016-02-23 19:25:13,440 [eXistThread-60] WARN  (ExistXqueryRegistry.java [recordMissingDependency]:397) - Module '/db/apps/demo/modules/view.xql' has a missing dependency on '/db/apps/demo/examples/web/guess-templates.xql'. Will re-examine if the missing module is added. 
2016-02-23 19:25:13,440 [eXistThread-60] WARN  (ExistXqueryRegistry.java [recordMissingDependency]:397) - Module '/db/apps/demo/modules/view.xql' has a missing dependency on '/db/apps/demo/examples/web/shakespeare.xql'. Will re-examine if the missing module is added. 
2016-02-23 19:25:13,440 [eXistThread-60] WARN  (ExistXqueryRegistry.java [recordMissingDependency]:397) - Module '/db/apps/demo/examples/tests/shakespeare-tests.xql' has a missing dependency on '/db/apps/demo/examples/web/shakespeare.xql'. Will re-examine if the missing module is added. 
2016-02-23 19:25:13,495 [eXistThread-60] WARN  (ExistXqueryRegistry.java [recordMissingDependency]:397) - Module '/db/apps/demo/examples/templating/examples.xql' has a missing dependency on '/db/apps/demo/modules/config.xqm'. Will re-examine if the missing module is added. 
2016-02-23 19:25:13,495 [eXistThread-60] WARN  (ExistXqueryRegistry.java [recordMissingDependency]:397) - Module '/db/apps/demo/examples/web/guess.xql' has a missing dependency on '/db/apps/demo/modules/config.xqm'. Will re-examine if the missing module is added. 
2016-02-23 19:25:13,495 [eXistThread-60] WARN  (ExistXqueryRegistry.java [recordMissingDependency]:397) - Module '/db/apps/demo/modules/view.xql' has a missing dependency on '/db/apps/demo/modules/config.xqm'. Will re-examine if the missing module is added. 
2016-02-23 19:25:13,496 [eXistThread-60] WARN  (ExistXqueryRegistry.java [recordMissingDependency]:397) - Module '/db/apps/demo/modules/i18n-templates.xql' has a missing dependency on '/db/apps/demo/modules/config.xqm'. Will re-examine if the missing module is added. 
2016-02-23 19:25:13,496 [eXistThread-60] WARN  (ExistXqueryRegistry.java [recordMissingDependency]:397) - Module '/db/apps/demo/examples/web/shakespeare.xql' has a missing dependency on '/db/apps/demo/modules/config.xqm'. Will re-examine if the missing module is added. 
2016-02-23 19:25:13,496 [eXistThread-60] WARN  (ExistXqueryRegistry.java [recordMissingDependency]:397) - Module '/db/apps/demo/modules/demo.xql' has a missing dependency on '/db/apps/demo/modules/config.xqm'. Will re-examine if the missing module is added. 
2016-02-23 19:25:13,496 [eXistThread-60] WARN  (ExistXqueryRegistry.java [recordMissingDependency]:397) - Module '/db/apps/demo/modules/cex.xql' has a missing dependency on '/db/apps/demo/modules/config.xqm'. Will re-examine if the missing module is added. 
2016-02-23 19:25:13,497 [eXistThread-60] WARN  (ExistXqueryRegistry.java [recordMissingDependency]:397) - Module '/db/apps/demo/examples/xforms/restxq-demo.xql' has a missing dependency on '/db/apps/demo/modules/config.xqm'. Will re-examine if the missing module is added. 
2016-02-23 19:25:13,497 [eXistThread-60] WARN  (ExistXqueryRegistry.java [recordMissingDependency]:397) - Module '/db/apps/demo/modules/view.xql' has a missing dependency on '/db/apps/demo/modules/i18n-templates.xql'. Will re-examine if the missing module is added. 
2016-02-23 19:25:13,498 [eXistThread-60] WARN  (ExistXqueryRegistry.java [recordMissingDependency]:397) - Module '/db/apps/demo/modules/view.xql' has a missing dependency on '/db/apps/demo/modules/demo.xql'. Will re-examine if the missing module is added. 
2016-02-23 19:25:13,498 [eXistThread-60] WARN  (ExistXqueryRegistry.java [recordMissingDependency]:397) - Module '/db/apps/demo/modules/view.xql' has a missing dependency on '/db/apps/demo/modules/cex.xql'. Will re-examine if the missing module is added. 
2016-02-23 19:25:13,499 [eXistThread-60] WARN  (ExistXqueryRegistry.java [recordMissingDependency]:397) - Module '/db/apps/demo/modules/i18n-templates.xql' has a missing dependency on '/db/apps/demo/modules/i18n.xql'. Will re-examine if the missing module is added. 
2016-02-23 19:25:21,124 [eXistThread-60] WARN  (ExistXqueryRegistry.java [recordMissingDependency]:397) - Module '/db/apps/doc/modules/diagnostics.xql' has a missing dependency on '/db/apps/doc/modules/config.xqm'. Will re-examine if the missing module is added. 
2016-02-23 19:25:21,124 [eXistThread-60] WARN  (ExistXqueryRegistry.java [recordMissingDependency]:397) - Module '/db/apps/doc/modules/search.xql' has a missing dependency on '/db/apps/doc/modules/config.xqm'. Will re-examine if the missing module is added. 
2016-02-23 19:25:21,125 [eXistThread-60] WARN  (ExistXqueryRegistry.java [recordMissingDependency]:397) - Module '/db/apps/doc/modules/docbook.xql' has a missing dependency on '/db/apps/doc/modules/config.xqm'. Will re-examine if the missing module is added. 
2016-02-23 19:25:21,125 [eXistThread-60] WARN  (ExistXqueryRegistry.java [recordMissingDependency]:397) - Module '/db/apps/doc/modules/view.xql' has a missing dependency on '/db/apps/doc/modules/config.xqm'. Will re-examine if the missing module is added. 
2016-02-23 19:25:21,126 [eXistThread-60] WARN  (ExistXqueryRegistry.java [recordMissingDependency]:397) - Module '/db/apps/doc/modules/view.xql' has a missing dependency on '/db/apps/doc/modules/docbook.xql'. Will re-examine if the missing module is added. 
2016-02-23 19:25:21,126 [eXistThread-60] WARN  (ExistXqueryRegistry.java [recordMissingDependency]:397) - Module '/db/apps/doc/modules/docbook.xql' has a missing dependency on '/db/apps/doc/modules/search.xql'. Will re-examine if the missing module is added. 
2016-02-23 19:25:21,126 [eXistThread-60] WARN  (ExistXqueryRegistry.java [recordMissingDependency]:397) - Module '/db/apps/doc/modules/view.xql' has a missing dependency on '/db/apps/doc/modules/search.xql'. Will re-examine if the missing module is added. 
2016-02-23 19:25:21,127 [eXistThread-60] WARN  (ExistXqueryRegistry.java [recordMissingDependency]:397) - Module '/db/apps/doc/modules/view.xql' has a missing dependency on '/db/apps/doc/modules/diagnostics.xql'. Will re-examine if the missing module is added. 
2016-02-23 19:25:21,127 [eXistThread-60] WARN  (ExistXqueryRegistry.java [recordMissingDependency]:397) - Module '/db/apps/doc/modules/view.xql' has a missing dependency on '/db/apps/doc/modules/review.xql'. Will re-examine if the missing module is added. 
2016-02-23 19:25:46,653 [eXistThread-70] WARN  (ExistXqueryRegistry.java [recordMissingDependency]:397) - Module '/db/apps/XSLTForms-Demo/modules/app.xql' has a missing dependency on '/db/apps/XSLTForms-Demo/modules/config.xqm'. Will re-examine if the missing module is added. 
2016-02-23 19:25:46,654 [eXistThread-70] WARN  (ExistXqueryRegistry.java [recordMissingDependency]:397) - Module '/db/apps/XSLTForms-Demo/modules/view.xql' has a missing dependency on '/db/apps/XSLTForms-Demo/modules/config.xqm'. Will re-examine if the missing module is added. 
2016-02-23 19:25:46,654 [eXistThread-70] WARN  (ExistXqueryRegistry.java [recordMissingDependency]:397) - Module '/db/apps/XSLTForms-Demo/modules/form.xq' has a missing dependency on '/db/apps/XSLTForms-Demo/modules/config.xqm'. Will re-examine if the missing module is added. 
2016-02-23 19:25:46,655 [eXistThread-70] WARN  (ExistXqueryRegistry.java [recordMissingDependency]:397) - Module '/db/apps/XSLTForms-Demo/modules/view.xql' has a missing dependency on '/db/apps/XSLTForms-Demo/modules/app.xql'. Will re-examine if the missing module is added. 
