2016-02-23 18:50:55,617 [eXistThread-46] ERROR (XQueryURLRewrite.java [service]:382) - Error while processing /exist/apps/dashboard/plugins/packageManager/packages/: exerr:ERROR Error. [at line 96, column 24, source: /db/apps/dashboard/plugins/packageManager/packages.xql]
In function:
	packages:get-package-meta(xs:string, xs:string) [96:24:/db/apps/dashboard/plugins/packageManager/packages.xql]
	packages:scan-repo(function) [48:5:/db/apps/dashboard/plugins/packageManager/packages.xql]
	packages:installed-apps(xs:string?) [25:52:/db/apps/dashboard/plugins/packageManager/packages.xql]
	packages:get(xs:string?, xs:string?, xs:string?) [37:19:/db/apps/dashboard/plugins/packageManager/packages.xql]
	restxq:call-with-args(function, function*) [88:17:/db/apps/dashboard/modules/restxq.xql]
	(function, element(), map) [83:68:/db/apps/dashboard/modules/restxq.xql]
	restxq:function-by-annotation(function+, map, function) [83:9:/db/apps/dashboard/modules/restxq.xql]
	restxq:process(xs:string?, function+) [41:9:/db/apps/dashboard/modules/restxq.xql] 
org.exist.xquery.XPathException: exerr:ERROR Error. [at line 96, column 24, source: /db/apps/dashboard/plugins/packageManager/packages.xql]
In function:
	packages:get-package-meta(xs:string, xs:string) [96:24:/db/apps/dashboard/plugins/packageManager/packages.xql]
	packages:scan-repo(function) [48:5:/db/apps/dashboard/plugins/packageManager/packages.xql]
	packages:installed-apps(xs:string?) [25:52:/db/apps/dashboard/plugins/packageManager/packages.xql]
	packages:get(xs:string?, xs:string?, xs:string?) [37:19:/db/apps/dashboard/plugins/packageManager/packages.xql]
	restxq:call-with-args(function, function*) [88:17:/db/apps/dashboard/modules/restxq.xql]
	(function, element(), map) [83:68:/db/apps/dashboard/modules/restxq.xql]
	restxq:function-by-annotation(function+, map, function) [83:9:/db/apps/dashboard/modules/restxq.xql]
	restxq:process(xs:string?, function+) [41:9:/db/apps/dashboard/modules/restxq.xql]
	at org.exist.xquery.value.BinaryValueFromInputStream.<init>(BinaryValueFromInputStream.java:43)
	at org.exist.xquery.value.Base64BinaryDocument.<init>(Base64BinaryDocument.java:44)
	at org.exist.xquery.value.Base64BinaryDocument.getInstance(Base64BinaryDocument.java:48)
	at org.exist.xquery.modules.expathrepo.GetResource.eval(GetResource.java:58)
	at org.exist.xquery.BasicFunction.eval(BasicFunction.java:70)
	at org.exist.xquery.InternalFunctionCall.eval(InternalFunctionCall.java:56)
	at org.exist.xquery.LetExpr.eval(LetExpr.java:142)
	at org.exist.xquery.BindingExpression.eval(BindingExpression.java:164)
	at org.exist.xquery.LetExpr.eval(LetExpr.java:142)
	at org.exist.xquery.BindingExpression.eval(BindingExpression.java:164)
	at org.exist.xquery.UserDefinedFunction.eval(UserDefinedFunction.java:155)
	at org.exist.xquery.FunctionCall.evalFunction(FunctionCall.java:328)
	at org.exist.xquery.FunctionCall.eval(FunctionCall.java:232)
	at org.exist.xquery.LetExpr.eval(LetExpr.java:142)
	at org.exist.xquery.ForExpr.eval(ForExpr.java:304)
	at org.exist.xquery.BindingExpression.eval(BindingExpression.java:164)
	at org.exist.xquery.UserDefinedFunction.eval(UserDefinedFunction.java:155)
	at org.exist.xquery.FunctionCall.evalFunction(FunctionCall.java:328)
	at org.exist.xquery.FunctionCall.eval(FunctionCall.java:232)
	at org.exist.xquery.UserDefinedFunction.eval(UserDefinedFunction.java:155)
	at org.exist.xquery.DynamicTypeCheck.eval(DynamicTypeCheck.java:61)
	at org.exist.xquery.FunctionCall.evalFunction(FunctionCall.java:328)
	at org.exist.xquery.FunctionCall.eval(FunctionCall.java:232)
	at org.exist.xquery.AbstractExpression.eval(AbstractExpression.java:71)
	at org.exist.xquery.PathExpr.eval(PathExpr.java:264)
	at org.exist.xquery.Union.eval(Union.java:49)
	at org.exist.xquery.LetExpr.eval(LetExpr.java:142)
	at org.exist.xquery.BindingExpression.eval(BindingExpression.java:164)
	at org.exist.xquery.UserDefinedFunction.eval(UserDefinedFunction.java:155)
	at org.exist.xquery.FunctionCall.evalFunction(FunctionCall.java:328)
	at org.exist.xquery.FunctionCall.eval(FunctionCall.java:232)
	at org.exist.xquery.AbstractExpression.eval(AbstractExpression.java:71)
	at org.exist.xquery.value.FunctionReference.eval(FunctionReference.java:80)
	at org.exist.xquery.DynamicFunctionCall.eval(DynamicFunctionCall.java:75)
	at org.exist.xquery.AbstractExpression.eval(AbstractExpression.java:71)
	at org.exist.xquery.PathExpr.eval(PathExpr.java:264)
	at org.exist.xquery.AbstractExpression.eval(AbstractExpression.java:71)
	at org.exist.xquery.SwitchExpression.eval(SwitchExpression.java:104)
	at org.exist.xquery.UserDefinedFunction.eval(UserDefinedFunction.java:155)
	at org.exist.xquery.FunctionCall.evalFunction(FunctionCall.java:328)
	at org.exist.xquery.FunctionCall.eval(FunctionCall.java:232)
	at org.exist.xquery.AbstractExpression.eval(AbstractExpression.java:71)
	at org.exist.xquery.PathExpr.eval(PathExpr.java:264)
	at org.exist.xquery.SequenceConstructor.eval(SequenceConstructor.java:84)
	at org.exist.xquery.DebuggableExpression.eval(DebuggableExpression.java:58)
	at org.exist.xquery.DebuggableExpression.eval(DebuggableExpression.java:65)
	at org.exist.xquery.LetExpr.eval(LetExpr.java:189)
	at org.exist.xquery.BindingExpression.eval(BindingExpression.java:164)
	at org.exist.xquery.UserDefinedFunction.eval(UserDefinedFunction.java:155)
	at org.exist.xquery.FunctionCall.evalFunction(FunctionCall.java:328)
	at org.exist.xquery.FunctionCall.eval(FunctionCall.java:232)
	at org.exist.xquery.AbstractExpression.eval(AbstractExpression.java:71)
	at org.exist.xquery.value.FunctionReference.eval(FunctionReference.java:80)
	at org.exist.xquery.DynamicFunctionCall.eval(DynamicFunctionCall.java:75)
	at org.exist.xquery.DebuggableExpression.eval(DebuggableExpression.java:58)
	at org.exist.xquery.DebuggableExpression.eval(DebuggableExpression.java:65)
	at org.exist.xquery.ForExpr.eval(ForExpr.java:307)
	at org.exist.xquery.LetExpr.eval(LetExpr.java:187)
	at org.exist.xquery.BindingExpression.eval(BindingExpression.java:164)
	at org.exist.xquery.DebuggableExpression.eval(DebuggableExpression.java:58)
	at org.exist.xquery.ConditionalExpression.eval(ConditionalExpression.java:102)
	at org.exist.xquery.DebuggableExpression.eval(DebuggableExpression.java:58)
	at org.exist.xquery.DebuggableExpression.eval(DebuggableExpression.java:65)
	at org.exist.xquery.LetExpr.eval(LetExpr.java:189)
	at org.exist.xquery.BindingExpression.eval(BindingExpression.java:164)
	at org.exist.xquery.UserDefinedFunction.eval(UserDefinedFunction.java:155)
	at org.exist.xquery.FunctionCall.evalFunction(FunctionCall.java:328)
	at org.exist.xquery.FunctionCall.eval(FunctionCall.java:232)
	at org.exist.xquery.DebuggableExpression.eval(DebuggableExpression.java:58)
	at org.exist.xquery.DebuggableExpression.eval(DebuggableExpression.java:65)
	at org.exist.xquery.LetExpr.eval(LetExpr.java:189)
	at org.exist.xquery.LetExpr.eval(LetExpr.java:187)
	at org.exist.xquery.BindingExpression.eval(BindingExpression.java:164)
	at org.exist.xquery.UserDefinedFunction.eval(UserDefinedFunction.java:155)
	at org.exist.xquery.FunctionCall.evalFunction(FunctionCall.java:328)
	at org.exist.xquery.FunctionCall.eval(FunctionCall.java:232)
	at org.exist.xquery.AbstractExpression.eval(AbstractExpression.java:71)
	at org.exist.xquery.PathExpr.eval(PathExpr.java:264)
	at org.exist.xquery.SequenceConstructor.eval(SequenceConstructor.java:84)
	at org.exist.xquery.DebuggableExpression.eval(DebuggableExpression.java:58)
	at org.exist.xquery.DebuggableExpression.eval(DebuggableExpression.java:65)
	at org.exist.xquery.LetExpr.eval(LetExpr.java:189)
	at org.exist.xquery.BindingExpression.eval(BindingExpression.java:164)
	at org.exist.xquery.ConditionalExpression.eval(ConditionalExpression.java:100)
	at org.exist.xquery.DebuggableExpression.eval(DebuggableExpression.java:58)
	at org.exist.xquery.ConditionalExpression.eval(ConditionalExpression.java:102)
	at org.exist.xquery.AbstractExpression.eval(AbstractExpression.java:71)
	at org.exist.xquery.PathExpr.eval(PathExpr.java:264)
	at org.exist.xquery.SequenceConstructor.eval(SequenceConstructor.java:84)
	at org.exist.xquery.AbstractExpression.eval(AbstractExpression.java:71)
	at org.exist.xquery.PathExpr.eval(PathExpr.java:264)
	at org.exist.xquery.AbstractExpression.eval(AbstractExpression.java:71)
	at org.exist.xquery.XQuery.execute(XQuery.java:297)
	at org.exist.xquery.XQuery.execute(XQuery.java:217)
	at org.exist.http.urlrewrite.XQueryURLRewrite.runQuery(XQueryURLRewrite.java:719)
	at org.exist.http.urlrewrite.XQueryURLRewrite.service(XQueryURLRewrite.java:259)
	at javax.servlet.http.HttpServlet.service(HttpServlet.java:848)
	at org.eclipse.jetty.servlet.ServletHolder.handle(ServletHolder.java:669)
	at org.eclipse.jetty.servlet.ServletHandler$CachedChain.doFilter(ServletHandler.java:1448)
	at de.betterform.agent.web.filter.XFormsFilter.doFilter(XFormsFilter.java:164)
	at org.eclipse.jetty.servlet.ServletHandler$CachedChain.doFilter(ServletHandler.java:1419)
	at org.eclipse.jetty.servlet.ServletHandler.doHandle(ServletHandler.java:455)
	at org.eclipse.jetty.server.handler.ScopedHandler.handle(ScopedHandler.java:137)
	at org.eclipse.jetty.security.SecurityHandler.handle(SecurityHandler.java:533)
	at org.eclipse.jetty.server.session.SessionHandler.doHandle(SessionHandler.java:231)
	at org.eclipse.jetty.server.handler.ContextHandler.doHandle(ContextHandler.java:1075)
	at org.eclipse.jetty.servlet.ServletHandler.doScope(ServletHandler.java:384)
	at org.eclipse.jetty.server.session.SessionHandler.doScope(SessionHandler.java:193)
	at org.eclipse.jetty.server.handler.ContextHandler.doScope(ContextHandler.java:1009)
	at org.eclipse.jetty.server.handler.ScopedHandler.handle(ScopedHandler.java:135)
	at org.eclipse.jetty.server.handler.HandlerCollection.handle(HandlerCollection.java:154)
	at org.eclipse.jetty.server.handler.HandlerWrapper.handle(HandlerWrapper.java:116)
	at org.eclipse.jetty.server.Server.handle(Server.java:368)
	at org.eclipse.jetty.server.AbstractHttpConnection.handleRequest(AbstractHttpConnection.java:488)
	at org.eclipse.jetty.server.AbstractHttpConnection.headerComplete(AbstractHttpConnection.java:932)
	at org.eclipse.jetty.server.AbstractHttpConnection$RequestHandler.headerComplete(AbstractHttpConnection.java:994)
	at org.eclipse.jetty.http.HttpParser.parseNext(HttpParser.java:640)
	at org.eclipse.jetty.http.HttpParser.parseAvailable(HttpParser.java:235)
	at org.eclipse.jetty.server.AsyncHttpConnection.handle(AsyncHttpConnection.java:82)
	at org.eclipse.jetty.io.nio.SelectChannelEndPoint.handle(SelectChannelEndPoint.java:628)
	at org.eclipse.jetty.io.nio.SelectChannelEndPoint$1.run(SelectChannelEndPoint.java:52)
	at org.eclipse.jetty.util.thread.QueuedThreadPool.runJob(QueuedThreadPool.java:608)
	at org.eclipse.jetty.util.thread.QueuedThreadPool$3.run(QueuedThreadPool.java:543)
	at java.lang.Thread.run(Thread.java:745)
Caused by: java.io.FileNotFoundException: ../../../tools/jetty/tmp/_mmtfm_99db048f-e617-4d55-934b-724690804324/mmtf_14562526109821441546044607379079.tmp (No such file or directory)
	at java.io.RandomAccessFile.open(Native Method)
	at java.io.RandomAccessFile.<init>(RandomAccessFile.java:241)
	at org.exist.util.io.FileFilterInputStreamCache.<init>(FileFilterInputStreamCache.java:65)
	at org.exist.util.io.FileFilterInputStreamCache.<init>(FileFilterInputStreamCache.java:53)
	at sun.reflect.GeneratedConstructorAccessor143.newInstance(Unknown Source)
	at sun.reflect.DelegatingConstructorAccessorImpl.newInstance(DelegatingConstructorAccessorImpl.java:45)
	at java.lang.reflect.Constructor.newInstance(Constructor.java:526)
	at java.lang.Class.newInstance(Class.java:383)
	at org.exist.util.io.FilterInputStreamCacheFactory.instantiate(FilterInputStreamCacheFactory.java:65)
	at org.exist.util.io.FilterInputStreamCacheFactory.getCacheInstance(FilterInputStreamCacheFactory.java:54)
	at org.exist.xquery.value.BinaryValueFromInputStream.<init>(BinaryValueFromInputStream.java:33)
	... 123 more
2016-02-23 19:24:42,520 [eXistThread-60] ERROR (XQueryURLRewrite.java [service]:382) - Error while processing /exist/apps/dashboard/plugins/packageManager/packages/: exerr:ERROR Error. [at line 96, column 24, source: /db/apps/dashboard/plugins/packageManager/packages.xql]
In function:
	packages:get-package-meta(xs:string, xs:string) [96:24:/db/apps/dashboard/plugins/packageManager/packages.xql]
	packages:scan-repo(function) [48:5:/db/apps/dashboard/plugins/packageManager/packages.xql]
	packages:installed-apps(xs:string?) [25:52:/db/apps/dashboard/plugins/packageManager/packages.xql]
	packages:get(xs:string?, xs:string?, xs:string?) [37:19:/db/apps/dashboard/plugins/packageManager/packages.xql]
	restxq:call-with-args(function, function*) [88:17:/db/apps/dashboard/modules/restxq.xql]
	(function, element(), map) [83:68:/db/apps/dashboard/modules/restxq.xql]
	restxq:function-by-annotation(function+, map, function) [83:9:/db/apps/dashboard/modules/restxq.xql]
	restxq:process(xs:string?, function+) [41:9:/db/apps/dashboard/modules/restxq.xql] 
org.exist.xquery.XPathException: exerr:ERROR Error. [at line 96, column 24, source: /db/apps/dashboard/plugins/packageManager/packages.xql]
In function:
	packages:get-package-meta(xs:string, xs:string) [96:24:/db/apps/dashboard/plugins/packageManager/packages.xql]
	packages:scan-repo(function) [48:5:/db/apps/dashboard/plugins/packageManager/packages.xql]
	packages:installed-apps(xs:string?) [25:52:/db/apps/dashboard/plugins/packageManager/packages.xql]
	packages:get(xs:string?, xs:string?, xs:string?) [37:19:/db/apps/dashboard/plugins/packageManager/packages.xql]
	restxq:call-with-args(function, function*) [88:17:/db/apps/dashboard/modules/restxq.xql]
	(function, element(), map) [83:68:/db/apps/dashboard/modules/restxq.xql]
	restxq:function-by-annotation(function+, map, function) [83:9:/db/apps/dashboard/modules/restxq.xql]
	restxq:process(xs:string?, function+) [41:9:/db/apps/dashboard/modules/restxq.xql]
	at org.exist.xquery.value.BinaryValueFromInputStream.<init>(BinaryValueFromInputStream.java:43)
	at org.exist.xquery.value.Base64BinaryDocument.<init>(Base64BinaryDocument.java:44)
	at org.exist.xquery.value.Base64BinaryDocument.getInstance(Base64BinaryDocument.java:48)
	at org.exist.xquery.modules.expathrepo.GetResource.eval(GetResource.java:58)
	at org.exist.xquery.BasicFunction.eval(BasicFunction.java:70)
	at org.exist.xquery.InternalFunctionCall.eval(InternalFunctionCall.java:56)
	at org.exist.xquery.LetExpr.eval(LetExpr.java:142)
	at org.exist.xquery.BindingExpression.eval(BindingExpression.java:164)
	at org.exist.xquery.LetExpr.eval(LetExpr.java:142)
	at org.exist.xquery.BindingExpression.eval(BindingExpression.java:164)
	at org.exist.xquery.UserDefinedFunction.eval(UserDefinedFunction.java:155)
	at org.exist.xquery.FunctionCall.evalFunction(FunctionCall.java:328)
	at org.exist.xquery.FunctionCall.eval(FunctionCall.java:232)
	at org.exist.xquery.LetExpr.eval(LetExpr.java:142)
	at org.exist.xquery.ForExpr.eval(ForExpr.java:304)
	at org.exist.xquery.BindingExpression.eval(BindingExpression.java:164)
	at org.exist.xquery.UserDefinedFunction.eval(UserDefinedFunction.java:155)
	at org.exist.xquery.FunctionCall.evalFunction(FunctionCall.java:328)
	at org.exist.xquery.FunctionCall.eval(FunctionCall.java:232)
	at org.exist.xquery.UserDefinedFunction.eval(UserDefinedFunction.java:155)
	at org.exist.xquery.DynamicTypeCheck.eval(DynamicTypeCheck.java:61)
	at org.exist.xquery.FunctionCall.evalFunction(FunctionCall.java:328)
	at org.exist.xquery.FunctionCall.eval(FunctionCall.java:232)
	at org.exist.xquery.AbstractExpression.eval(AbstractExpression.java:71)
	at org.exist.xquery.PathExpr.eval(PathExpr.java:264)
	at org.exist.xquery.Union.eval(Union.java:49)
	at org.exist.xquery.LetExpr.eval(LetExpr.java:142)
	at org.exist.xquery.BindingExpression.eval(BindingExpression.java:164)
	at org.exist.xquery.UserDefinedFunction.eval(UserDefinedFunction.java:155)
	at org.exist.xquery.FunctionCall.evalFunction(FunctionCall.java:328)
	at org.exist.xquery.FunctionCall.eval(FunctionCall.java:232)
	at org.exist.xquery.AbstractExpression.eval(AbstractExpression.java:71)
	at org.exist.xquery.value.FunctionReference.eval(FunctionReference.java:80)
	at org.exist.xquery.DynamicFunctionCall.eval(DynamicFunctionCall.java:75)
	at org.exist.xquery.AbstractExpression.eval(AbstractExpression.java:71)
	at org.exist.xquery.PathExpr.eval(PathExpr.java:264)
	at org.exist.xquery.AbstractExpression.eval(AbstractExpression.java:71)
	at org.exist.xquery.SwitchExpression.eval(SwitchExpression.java:104)
	at org.exist.xquery.UserDefinedFunction.eval(UserDefinedFunction.java:155)
	at org.exist.xquery.FunctionCall.evalFunction(FunctionCall.java:328)
	at org.exist.xquery.FunctionCall.eval(FunctionCall.java:232)
	at org.exist.xquery.AbstractExpression.eval(AbstractExpression.java:71)
	at org.exist.xquery.PathExpr.eval(PathExpr.java:264)
	at org.exist.xquery.SequenceConstructor.eval(SequenceConstructor.java:84)
	at org.exist.xquery.DebuggableExpression.eval(DebuggableExpression.java:58)
	at org.exist.xquery.DebuggableExpression.eval(DebuggableExpression.java:65)
	at org.exist.xquery.LetExpr.eval(LetExpr.java:189)
	at org.exist.xquery.BindingExpression.eval(BindingExpression.java:164)
	at org.exist.xquery.UserDefinedFunction.eval(UserDefinedFunction.java:155)
	at org.exist.xquery.FunctionCall.evalFunction(FunctionCall.java:328)
	at org.exist.xquery.FunctionCall.eval(FunctionCall.java:232)
	at org.exist.xquery.AbstractExpression.eval(AbstractExpression.java:71)
	at org.exist.xquery.value.FunctionReference.eval(FunctionReference.java:80)
	at org.exist.xquery.DynamicFunctionCall.eval(DynamicFunctionCall.java:75)
	at org.exist.xquery.DebuggableExpression.eval(DebuggableExpression.java:58)
	at org.exist.xquery.DebuggableExpression.eval(DebuggableExpression.java:65)
	at org.exist.xquery.ForExpr.eval(ForExpr.java:307)
	at org.exist.xquery.LetExpr.eval(LetExpr.java:187)
	at org.exist.xquery.BindingExpression.eval(BindingExpression.java:164)
	at org.exist.xquery.DebuggableExpression.eval(DebuggableExpression.java:58)
	at org.exist.xquery.ConditionalExpression.eval(ConditionalExpression.java:102)
	at org.exist.xquery.DebuggableExpression.eval(DebuggableExpression.java:58)
	at org.exist.xquery.DebuggableExpression.eval(DebuggableExpression.java:65)
	at org.exist.xquery.LetExpr.eval(LetExpr.java:189)
	at org.exist.xquery.BindingExpression.eval(BindingExpression.java:164)
	at org.exist.xquery.UserDefinedFunction.eval(UserDefinedFunction.java:155)
	at org.exist.xquery.FunctionCall.evalFunction(FunctionCall.java:328)
	at org.exist.xquery.FunctionCall.eval(FunctionCall.java:232)
	at org.exist.xquery.DebuggableExpression.eval(DebuggableExpression.java:58)
	at org.exist.xquery.DebuggableExpression.eval(DebuggableExpression.java:65)
	at org.exist.xquery.LetExpr.eval(LetExpr.java:189)
	at org.exist.xquery.LetExpr.eval(LetExpr.java:187)
	at org.exist.xquery.BindingExpression.eval(BindingExpression.java:164)
	at org.exist.xquery.UserDefinedFunction.eval(UserDefinedFunction.java:155)
	at org.exist.xquery.FunctionCall.evalFunction(FunctionCall.java:328)
	at org.exist.xquery.FunctionCall.eval(FunctionCall.java:232)
	at org.exist.xquery.AbstractExpression.eval(AbstractExpression.java:71)
	at org.exist.xquery.PathExpr.eval(PathExpr.java:264)
	at org.exist.xquery.SequenceConstructor.eval(SequenceConstructor.java:84)
	at org.exist.xquery.DebuggableExpression.eval(DebuggableExpression.java:58)
	at org.exist.xquery.DebuggableExpression.eval(DebuggableExpression.java:65)
	at org.exist.xquery.LetExpr.eval(LetExpr.java:189)
	at org.exist.xquery.BindingExpression.eval(BindingExpression.java:164)
	at org.exist.xquery.ConditionalExpression.eval(ConditionalExpression.java:100)
	at org.exist.xquery.DebuggableExpression.eval(DebuggableExpression.java:58)
	at org.exist.xquery.ConditionalExpression.eval(ConditionalExpression.java:102)
	at org.exist.xquery.AbstractExpression.eval(AbstractExpression.java:71)
	at org.exist.xquery.PathExpr.eval(PathExpr.java:264)
	at org.exist.xquery.SequenceConstructor.eval(SequenceConstructor.java:84)
	at org.exist.xquery.AbstractExpression.eval(AbstractExpression.java:71)
	at org.exist.xquery.PathExpr.eval(PathExpr.java:264)
	at org.exist.xquery.AbstractExpression.eval(AbstractExpression.java:71)
	at org.exist.xquery.XQuery.execute(XQuery.java:297)
	at org.exist.xquery.XQuery.execute(XQuery.java:217)
	at org.exist.http.urlrewrite.XQueryURLRewrite.runQuery(XQueryURLRewrite.java:719)
	at org.exist.http.urlrewrite.XQueryURLRewrite.service(XQueryURLRewrite.java:259)
	at javax.servlet.http.HttpServlet.service(HttpServlet.java:848)
	at org.eclipse.jetty.servlet.ServletHolder.handle(ServletHolder.java:669)
	at org.eclipse.jetty.servlet.ServletHandler$CachedChain.doFilter(ServletHandler.java:1448)
	at de.betterform.agent.web.filter.XFormsFilter.doFilter(XFormsFilter.java:164)
	at org.eclipse.jetty.servlet.ServletHandler$CachedChain.doFilter(ServletHandler.java:1419)
	at org.eclipse.jetty.servlet.ServletHandler.doHandle(ServletHandler.java:455)
	at org.eclipse.jetty.server.handler.ScopedHandler.handle(ScopedHandler.java:137)
	at org.eclipse.jetty.security.SecurityHandler.handle(SecurityHandler.java:533)
	at org.eclipse.jetty.server.session.SessionHandler.doHandle(SessionHandler.java:231)
	at org.eclipse.jetty.server.handler.ContextHandler.doHandle(ContextHandler.java:1075)
	at org.eclipse.jetty.servlet.ServletHandler.doScope(ServletHandler.java:384)
	at org.eclipse.jetty.server.session.SessionHandler.doScope(SessionHandler.java:193)
	at org.eclipse.jetty.server.handler.ContextHandler.doScope(ContextHandler.java:1009)
	at org.eclipse.jetty.server.handler.ScopedHandler.handle(ScopedHandler.java:135)
	at org.eclipse.jetty.server.handler.HandlerCollection.handle(HandlerCollection.java:154)
	at org.eclipse.jetty.server.handler.HandlerWrapper.handle(HandlerWrapper.java:116)
	at org.eclipse.jetty.server.Server.handle(Server.java:368)
	at org.eclipse.jetty.server.AbstractHttpConnection.handleRequest(AbstractHttpConnection.java:488)
	at org.eclipse.jetty.server.AbstractHttpConnection.headerComplete(AbstractHttpConnection.java:932)
	at org.eclipse.jetty.server.AbstractHttpConnection$RequestHandler.headerComplete(AbstractHttpConnection.java:994)
	at org.eclipse.jetty.http.HttpParser.parseNext(HttpParser.java:640)
	at org.eclipse.jetty.http.HttpParser.parseAvailable(HttpParser.java:235)
	at org.eclipse.jetty.server.AsyncHttpConnection.handle(AsyncHttpConnection.java:82)
	at org.eclipse.jetty.io.nio.SelectChannelEndPoint.handle(SelectChannelEndPoint.java:628)
	at org.eclipse.jetty.io.nio.SelectChannelEndPoint$1.run(SelectChannelEndPoint.java:52)
	at org.eclipse.jetty.util.thread.QueuedThreadPool.runJob(QueuedThreadPool.java:608)
	at org.eclipse.jetty.util.thread.QueuedThreadPool$3.run(QueuedThreadPool.java:543)
	at java.lang.Thread.run(Thread.java:745)
Caused by: java.io.FileNotFoundException: ../../../tools/jetty/tmp/_mmtfm_99db048f-e617-4d55-934b-724690804324/mmtf_14562526109821441546044607379079.tmp (No such file or directory)
	at java.io.RandomAccessFile.open(Native Method)
	at java.io.RandomAccessFile.<init>(RandomAccessFile.java:241)
	at org.exist.util.io.FileFilterInputStreamCache.<init>(FileFilterInputStreamCache.java:65)
	at org.exist.util.io.FileFilterInputStreamCache.<init>(FileFilterInputStreamCache.java:53)
	at sun.reflect.GeneratedConstructorAccessor143.newInstance(Unknown Source)
	at sun.reflect.DelegatingConstructorAccessorImpl.newInstance(DelegatingConstructorAccessorImpl.java:45)
	at java.lang.reflect.Constructor.newInstance(Constructor.java:526)
	at java.lang.Class.newInstance(Class.java:383)
	at org.exist.util.io.FilterInputStreamCacheFactory.instantiate(FilterInputStreamCacheFactory.java:65)
	at org.exist.util.io.FilterInputStreamCacheFactory.getCacheInstance(FilterInputStreamCacheFactory.java:54)
	at org.exist.xquery.value.BinaryValueFromInputStream.<init>(BinaryValueFromInputStream.java:33)
	... 123 more
